<?xml version="1.0" encoding="UTF-8"?>
<!-- Generated by org.testng.reporters.JUnitReportReporter -->
<testsuite skipped="0" hostname="Prasad-PC" name="test.test1_googlesearch_TestNG_demo2" tests="1" failures="0" timestamp="26 Apr 2020 17:55:44 GMT" time="2.310" errors="0">
  <testcase name="googlesearch3" time="2.310" classname="test.test1_googlesearch_TestNG_demo2"/>
</testsuite> <!-- test.test1_googlesearch_TestNG_demo2 -->
