<?xml version="1.0" encoding="UTF-8"?>
<!-- Generated by org.testng.reporters.JUnitReportReporter -->
<testsuite skipped="0" hostname="Prasad-PC" name="test.test1_googlesearch_TestNG_demo2" tests="1" failures="0" timestamp="27 Apr 2020 08:40:44 GMT" time="14.214" errors="0">
  <testcase name="googlesearch3" time="14.214" classname="test.test1_googlesearch_TestNG_demo2"/>
</testsuite> <!-- test.test1_googlesearch_TestNG_demo2 -->
