<?xml version="1.0" encoding="UTF-8"?>
<!-- Generated by org.testng.reporters.JUnitReportReporter -->
<testsuite skipped="0" hostname="Prasad-PC" name="test.extentreportdemowithtestng" tests="2" failures="0" timestamp="23 Apr 2020 19:13:31 GMT" time="1.149" errors="0">
  <testcase name="test1" time="1.147" classname="test.extentreportdemowithtestng"/>
  <testcase name="test2" time="0.002" classname="test.extentreportdemowithtestng"/>
</testsuite> <!-- test.extentreportdemowithtestng -->
