<?xml version="1.0" encoding="UTF-8"?>
<!-- Generated by org.testng.reporters.JUnitReportReporter -->
<testsuite skipped="0" hostname="Prasad-PC" name="demo.testNGparametersdemo" tests="1" failures="0" timestamp="27 Apr 2020 07:51:11 GMT" time="0.058" errors="0">
  <testcase name="test" time="0.058" classname="demo.testNGparametersdemo"/>
</testsuite> <!-- demo.testNGparametersdemo -->
