<?xml version="1.0" encoding="UTF-8"?>
<!-- Generated by org.testng.reporters.JUnitReportReporter -->
<testsuite skipped="0" hostname="Prasad-PC" name="demo.testNGignoredemo" tests="2" failures="0" timestamp="26 Apr 2020 08:16:22 GMT" time="0.011" errors="0">
  <testcase name="test1" time="0.010" classname="demo.testNGignoredemo"/>
  <testcase name="test2" time="0.001" classname="demo.testNGignoredemo"/>
</testsuite> <!-- demo.testNGignoredemo -->
