<?xml version="1.0" encoding="UTF-8"?>
<!-- Generated by org.testng.reporters.JUnitReportReporter -->
<testsuite skipped="1" hostname="Prasad-PC" name="listeners.testNGlistnerdemo2" tests="3" failures="0" timestamp="25 Apr 2020 16:57:13 GMT" time="0.006" errors="0">
  <testcase name="test5" time="0.003" classname="listeners.testNGlistnerdemo2"/>
  <testcase name="test6" time="0.001" classname="listeners.testNGlistnerdemo2">
    <skipped/>
  </testcase> <!-- test6 -->
  <testcase name="test4" time="0.002" classname="listeners.testNGlistnerdemo2"/>
</testsuite> <!-- listeners.testNGlistnerdemo2 -->
