<?xml version="1.0" encoding="UTF-8"?>
<!-- Generated by org.testng.reporters.JUnitReportReporter -->
<testsuite skipped="0" hostname="Prasad-PC" name="demo.katalonrecorderdemo" tests="1" failures="0" timestamp="26 Apr 2020 10:04:44 GMT" time="7.627" errors="0">
  <testcase name="testUntitledTestCase" time="7.627" classname="demo.katalonrecorderdemo"/>
</testsuite> <!-- demo.katalonrecorderdemo -->
