<?xml version="1.0" encoding="UTF-8"?>
<!-- Generated by org.testng.reporters.JUnitReportReporter -->
<testsuite skipped="0" hostname="Prasad-PC" name="demo.katalonrecorderdemo" tests="1" failures="0" timestamp="27 Apr 2020 10:10:09 GMT" time="8.090" errors="0">
  <testcase name="testUntitledTestCase" time="8.090" classname="demo.katalonrecorderdemo"/>
</testsuite> <!-- demo.katalonrecorderdemo -->
