<?xml version="1.0" encoding="UTF-8"?>
<!-- Generated by org.testng.reporters.JUnitReportReporter -->
<testsuite skipped="0" hostname="Prasad-PC" name="demo.testNGmultibrowserdemo" tests="3" failures="0" timestamp="27 Apr 2020 08:22:13 GMT" time="21.648" errors="0">
  <testcase name="test1" time="8.114" classname="demo.testNGmultibrowserdemo"/>
  <testcase name="test1" time="8.081" classname="demo.testNGmultibrowserdemo"/>
  <testcase name="test1" time="5.453" classname="demo.testNGmultibrowserdemo"/>
</testsuite> <!-- demo.testNGmultibrowserdemo -->
