<?xml version="1.0" encoding="UTF-8"?>
<!-- Generated by org.testng.reporters.JUnitReportReporter -->
<testsuite skipped="0" hostname="Prasad-PC" name="utils.exceldataprovider" tests="3" failures="0" timestamp="25 Apr 2020 15:07:37 GMT" time="10.621" errors="0">
  <testcase name="test1" time="2.963" classname="utils.exceldataprovider"/>
  <testcase name="test1" time="2.888" classname="utils.exceldataprovider"/>
  <testcase name="test1" time="4.770" classname="utils.exceldataprovider"/>
</testsuite> <!-- utils.exceldataprovider -->
