<?xml version="1.0" encoding="UTF-8"?>
<!-- Generated by org.testng.reporters.JUnitReportReporter -->
<testsuite skipped="0" hostname="Prasad-PC" name="demo.testNGdpependencydemo" tests="4" failures="0" timestamp="26 Apr 2020 08:08:29 GMT" time="0.020" errors="0">
  <testcase name="test1" time="0.005" classname="demo.testNGdpependencydemo"/>
  <testcase name="test3" time="0.003" classname="demo.testNGdpependencydemo"/>
  <testcase name="test2" time="0.011" classname="demo.testNGdpependencydemo"/>
  <testcase name="test4" time="0.001" classname="demo.testNGdpependencydemo"/>
</testsuite> <!-- demo.testNGdpependencydemo -->
