<?xml version="1.0" encoding="UTF-8"?>
<!-- Generated by org.testng.reporters.JUnitReportReporter -->
<testsuite skipped="0" hostname="Prasad-PC" name="demo.testNGgroupsdemo" tests="2" failures="0" timestamp="26 Apr 2020 07:02:42 GMT" time="0.012" errors="0">
  <testcase name="test2" time="0.011" classname="demo.testNGgroupsdemo"/>
  <testcase name="test3" time="0.001" classname="demo.testNGgroupsdemo"/>
</testsuite> <!-- demo.testNGgroupsdemo -->
