<?xml version="1.0" encoding="UTF-8"?>
<!-- Generated by org.testng.reporters.JUnitReportReporter -->
<testsuite skipped="0" hostname="Prasad-PC" name="demo.testNGprioritydemo" tests="3" failures="0" timestamp="25 Apr 2020 17:19:17 GMT" time="0.015" errors="0">
  <testcase name="test1" time="0.012" classname="demo.testNGprioritydemo"/>
  <testcase name="test3" time="0.001" classname="demo.testNGprioritydemo"/>
  <testcase name="test2" time="0.002" classname="demo.testNGprioritydemo"/>
</testsuite> <!-- demo.testNGprioritydemo -->
